#
# There is insufficient memory for the Java Runtime Environment to continue.
# Native memory allocation (malloc) failed to allocate 697936 bytes for Chunk::new
# Possible reasons:
#   The system is out of physical RAM or swap space
#   In 32 bit mode, the process size limit was hit
# Possible solutions:
#   Reduce memory load on the system
#   Increase physical memory or swap space
#   Check if swap backing store is full
#   Use 64 bit Java on a 64 bit OS
#   Decrease Java heap size (-Xmx/-Xms)
#   Decrease number of Java threads
#   Decrease Java thread stack sizes (-Xss)
#   Set larger code cache with -XX:ReservedCodeCacheSize=
# This output file may be truncated or incomplete.
#
#  Out of Memory Error (allocation.cpp:390), pid=225700, tid=228788
#
# JRE version: Java(TM) SE Runtime Environment (8.0_20-b26) (build 1.8.0_20-b26)
# Java VM: Java HotSpot(TM) 64-Bit Server VM (25.20-b23 mixed mode windows-amd64 compressed oops)
# Failed to write core dump. Minidumps are not enabled by default on client versions of Windows
#

---------------  T H R E A D  ---------------

Current thread (0x000000001761d000):  JavaThread "C2 CompilerThread2" daemon [_thread_in_native, id=228788, stack(0x0000000017de0000,0x0000000017ee0000)]

Stack: [0x0000000017de0000,0x0000000017ee0000]
Native frames: (J=compiled Java code, j=interpreted, Vv=VM code, C=native code)
V  [jvm.dll+0x3152fa]
V  [jvm.dll+0x265d03]
V  [jvm.dll+0x266943]
V  [jvm.dll+0x25e265]
V  [jvm.dll+0xbe255]
V  [jvm.dll+0xbe6fc]
V  [jvm.dll+0x449d02]
V  [jvm.dll+0x4bf4f5]
V  [jvm.dll+0x4c012f]
V  [jvm.dll+0x44fef1]
V  [jvm.dll+0x4526c8]
V  [jvm.dll+0x435fc2]
V  [jvm.dll+0x97b62]
V  [jvm.dll+0x98353]
V  [jvm.dll+0x22aac4]
V  [jvm.dll+0x283f5a]
C  [msvcr100.dll+0x21d9f]
C  [msvcr100.dll+0x21e3b]
C  [KERNEL32.DLL+0x13d2]
C  [ntdll.dll+0x15444]


Current CompileTask:
C2:   3592 1757       4       com.android.dx.ssa.DeadCodeRemover::run (194 bytes)


---------------  P R O C E S S  ---------------

Java Threads: ( => current thread )
  0x0000000017696800 JavaThread "Service Thread" daemon [_thread_blocked, id=225240, stack(0x0000000017fe0000,0x00000000180e0000)]
  0x0000000017622000 JavaThread "C1 CompilerThread3" daemon [_thread_blocked, id=51100, stack(0x0000000017ee0000,0x0000000017fe0000)]
=>0x000000001761d000 JavaThread "C2 CompilerThread2" daemon [_thread_in_native, id=228788, stack(0x0000000017de0000,0x0000000017ee0000)]
  0x000000001760c800 JavaThread "C2 CompilerThread1" daemon [_thread_in_native, id=223844, stack(0x0000000017ce0000,0x0000000017de0000)]
  0x0000000017609800 JavaThread "C2 CompilerThread0" daemon [_thread_in_native, id=224640, stack(0x0000000017be0000,0x0000000017ce0000)]
  0x0000000017604800 JavaThread "Attach Listener" daemon [_thread_blocked, id=227824, stack(0x0000000017ae0000,0x0000000017be0000)]
  0x0000000017603800 JavaThread "Signal Dispatcher" daemon [_thread_blocked, id=226024, stack(0x00000000179e0000,0x0000000017ae0000)]
  0x000000001561c800 JavaThread "Finalizer" daemon [_thread_blocked, id=228940, stack(0x00000000174e0000,0x00000000175e0000)]
  0x000000001561b000 JavaThread "Reference Handler" daemon [_thread_blocked, id=223812, stack(0x00000000173e0000,0x00000000174e0000)]
  0x00000000028fd800 JavaThread "main" [_thread_in_Java, id=227332, stack(0x0000000002900000,0x0000000002a00000)]

Other Threads:
  0x0000000015617000 VMThread [stack: 0x00000000172e0000,0x00000000173e0000] [id=228444]
  0x0000000017697800 WatcherThread [stack: 0x00000000180e0000,0x00000000181e0000] [id=223124]

VM state:not at safepoint (normal execution)

VM Mutex/Monitor currently owned by a thread: None

Heap:
 PSYoungGen      total 106496K, used 28278K [0x00000000eab00000, 0x00000000f1b00000, 0x0000000100000000)
  eden space 98304K, 20% used [0x00000000eab00000,0x00000000ebe9e778,0x00000000f0b00000)
  from space 8192K, 99% used [0x00000000f1300000,0x00000000f1aff3d8,0x00000000f1b00000)
  to   space 8192K, 0% used [0x00000000f0b00000,0x00000000f0b00000,0x00000000f1300000)
 ParOldGen       total 131072K, used 6654K [0x00000000c0000000, 0x00000000c8000000, 0x00000000eab00000)
  object space 131072K, 5% used [0x00000000c0000000,0x00000000c067fbc8,0x00000000c8000000)
 Metaspace       used 5791K, capacity 7088K, committed 7296K, reserved 1056768K
  class space    used 566K, capacity 616K, committed 640K, reserved 1048576K

Card table byte_map: [0x0000000011ec0000,0x00000000120d0000] byte_map_base: 0x00000000118c0000

Marking Bits: (ParMarkBitMap*) 0x000000005198b460
 Begin Bits: [0x0000000012a30000, 0x0000000013a30000)
 End Bits:   [0x0000000013a30000, 0x0000000014a30000)

Polling page: 0x0000000001050000

CodeCache: size=245760Kb used=8338Kb max_used=8354Kb free=237421Kb
 bounds [0x0000000002b00000, 0x0000000003340000, 0x0000000011b00000]
 total_blobs=2024 nmethods=1764 adapters=174
 compilation: enabled

Compilation events (10 events):
Event: 3.545 Thread 0x0000000017622000 1778       3       com.android.dx.rop.code.Rop::<init> (15 bytes)
Event: 3.545 Thread 0x0000000017622000 nmethod 1778 0x000000000331f290 code [0x000000000331f400, 0x000000000331f5a8]
Event: 3.549 Thread 0x0000000017622000 1779       3       com.android.dx.cf.code.ByteCatchList::get (9 bytes)
Event: 3.549 Thread 0x0000000017622000 nmethod 1779 0x000000000331f650 code [0x000000000331f7c0, 0x000000000331faa8]
Event: 3.549 Thread 0x0000000017622000 1780       3       com.android.dx.rop.cst.CstType::getType (4 bytes)
Event: 3.549 Thread 0x0000000017622000 nmethod 1780 0x000000000331fb50 code [0x000000000331fca0, 0x000000000331fdf0]
Event: 3.551 Thread 0x0000000017622000 1781       3       com.android.dx.cf.attrib.InnerClassList$Item::<init> (40 bytes)
Event: 3.552 Thread 0x0000000017622000 nmethod 1781 0x000000000331fe90 code [0x0000000003320000, 0x00000000033202c8]
Event: 3.555 Thread 0x0000000017622000 1782       1       com.android.dx.cf.direct.DirectClassFile$DcfTypeList::size (5 bytes)
Event: 3.555 Thread 0x0000000017622000 nmethod 1782 0x00000000033203d0 code [0x0000000003320520, 0x0000000003320630]

GC Heap History (4 events):
Event: 2.189 GC heap before
{Heap before GC invocations=1 (full 0):
 PSYoungGen      total 57344K, used 49152K [0x00000000eab00000, 0x00000000eeb00000, 0x0000000100000000)
  eden space 49152K, 100% used [0x00000000eab00000,0x00000000edb00000,0x00000000edb00000)
  from space 8192K, 0% used [0x00000000ee300000,0x00000000ee300000,0x00000000eeb00000)
  to   space 8192K, 0% used [0x00000000edb00000,0x00000000edb00000,0x00000000ee300000)
 ParOldGen       total 131072K, used 0K [0x00000000c0000000, 0x00000000c8000000, 0x00000000eab00000)
  object space 131072K, 0% used [0x00000000c0000000,0x00000000c0000000,0x00000000c8000000)
 Metaspace       used 5711K, capacity 7024K, committed 7296K, reserved 1056768K
  class space    used 564K, capacity 616K, committed 640K, reserved 1048576K
Event: 2.256 GC heap after
Heap after GC invocations=1 (full 0):
 PSYoungGen      total 57344K, used 8191K [0x00000000eab00000, 0x00000000f1b00000, 0x0000000100000000)
  eden space 49152K, 0% used [0x00000000eab00000,0x00000000eab00000,0x00000000edb00000)
  from space 8192K, 99% used [0x00000000edb00000,0x00000000ee2ffcf8,0x00000000ee300000)
  to   space 8192K, 0% used [0x00000000f1300000,0x00000000f1300000,0x00000000f1b00000)
 ParOldGen       total 131072K, used 450K [0x00000000c0000000, 0x00000000c8000000, 0x00000000eab00000)
  object space 131072K, 0% used [0x00000000c0000000,0x00000000c0070bb8,0x00000000c8000000)
 Metaspace       used 5711K, capacity 7024K, committed 7296K, reserved 1056768K
  class space    used 564K, capacity 616K, committed 640K, reserved 1048576K
}
Event: 3.422 GC heap before
{Heap before GC invocations=2 (full 0):
 PSYoungGen      total 57344K, used 57343K [0x00000000eab00000, 0x00000000f1b00000, 0x0000000100000000)
  eden space 49152K, 100% used [0x00000000eab00000,0x00000000edb00000,0x00000000edb00000)
  from space 8192K, 99% used [0x00000000edb00000,0x00000000ee2ffcf8,0x00000000ee300000)
  to   space 8192K, 0% used [0x00000000f1300000,0x00000000f1300000,0x00000000f1b00000)
 ParOldGen       total 131072K, used 450K [0x00000000c0000000, 0x00000000c8000000, 0x00000000eab00000)
  object space 131072K, 0% used [0x00000000c0000000,0x00000000c0070bb8,0x00000000c8000000)
 Metaspace       used 5786K, capacity 7088K, committed 7296K, reserved 1056768K
  class space    used 566K, capacity 616K, committed 640K, reserved 1048576K
Event: 3.474 GC heap after
Heap after GC invocations=2 (full 0):
 PSYoungGen      total 106496K, used 8188K [0x00000000eab00000, 0x00000000f1b00000, 0x0000000100000000)
  eden space 98304K, 0% used [0x00000000eab00000,0x00000000eab00000,0x00000000f0b00000)
  from space 8192K, 99% used [0x00000000f1300000,0x00000000f1aff3d8,0x00000000f1b00000)
  to   space 8192K, 0% used [0x00000000f0b00000,0x00000000f0b00000,0x00000000f1300000)
 ParOldGen       total 131072K, used 6654K [0x00000000c0000000, 0x00000000c8000000, 0x00000000eab00000)
  object space 131072K, 5% used [0x00000000c0000000,0x00000000c067fbc8,0x00000000c8000000)
 Metaspace       used 5786K, capacity 7088K, committed 7296K, reserved 1056768K
  class space    used 566K, capacity 616K, committed 640K, reserved 1048576K
}

Deoptimization events (10 events):
Event: 2.741 Thread 0x00000000028fd800 Uncommon trap: reason=bimorphic action=maybe_recompile pc=0x0000000003027bc4 method=com.android.dx.ssa.LiteralOpUpgrader.tryReplacingWithConstant(Lcom/android/dx/ssa/NormalSsaInsn;)Z @ 52
Event: 3.097 Thread 0x00000000028fd800 Uncommon trap: reason=unreached action=reinterpret pc=0x00000000031d13a4 method=com.android.dx.rop.code.LocalItem.hashCode()I @ 25
Event: 3.097 Thread 0x00000000028fd800 Uncommon trap: reason=unreached action=reinterpret pc=0x0000000002df2f48 method=com.android.dx.rop.code.LocalItem.hashCode()I @ 25
Event: 3.097 Thread 0x00000000028fd800 Uncommon trap: reason=unreached action=reinterpret pc=0x00000000030dcdd8 method=com.android.dx.rop.code.LocalItem.hashCode()I @ 25
Event: 3.106 Thread 0x00000000028fd800 Uncommon trap: reason=bimorphic action=maybe_recompile pc=0x0000000003027bc4 method=com.android.dx.ssa.LiteralOpUpgrader.tryReplacingWithConstant(Lcom/android/dx/ssa/NormalSsaInsn;)Z @ 52
Event: 3.187 Thread 0x00000000028fd800 Uncommon trap: reason=unreached action=reinterpret pc=0x000000000317dd58 method=java.util.HashMap.getNode(ILjava/lang/Object;)Ljava/util/HashMap$Node; @ 84
Event: 3.187 Thread 0x00000000028fd800 Uncommon trap: reason=unreached action=reinterpret pc=0x000000000311a358 method=java.util.HashMap.getNode(ILjava/lang/Object;)Ljava/util/HashMap$Node; @ 84
Event: 3.200 Thread 0x00000000028fd800 Uncommon trap: reason=unreached action=reinterpret pc=0x00000000031be80c method=com.android.dx.rop.code.LocalItem.hashCode()I @ 25
Event: 3.221 Thread 0x00000000028fd800 Uncommon trap: reason=unreached action=reinterpret pc=0x000000000328f824 method=com.android.dx.cf.code.Simulator$SimVisitor.visitLocal(IIIILcom/android/dx/rop/type/Type;I)V @ 162
Event: 3.542 Thread 0x00000000028fd800 Uncommon trap: reason=unreached action=reinterpret pc=0x00000000032426e8 method=com.android.dx.rop.code.LocalVariableExtractor.processBlock(I)V @ 195

Internal exceptions (7 events):
Event: 0.025 Thread 0x00000000028fd800 Exception <a 'java/lang/NoSuchMethodError': Method sun.misc.Unsafe.defineClass(Ljava/lang/String;[BII)Ljava/lang/Class; name or signature does not match> (0x00000000eab0c648) thrown at [D:\re\workspace\8-2-build-windows-amd64-cygwin\jdk8u20\1074\hotspot\sr„e×Ã5Þ™?
Event: 0.025 Thread 0x00000000028fd800 Exception <a 'java/lang/NoSuchMethodError': Method sun.misc.Unsafe.prefetchRead(Ljava/lang/Object;J)V name or signature does not match> (0x00000000eab0c8d8) thrown at [D:\re\workspace\8-2-build-windows-amd64-cygwin\jdk8u20\1074\hotspot\src\share\vm\prims\jËCuÖÅ÷?
Event: 1.486 Thread 0x00000000028fd800 Implicit null exception at 0x0000000002fc8c22 to 0x0000000002fc8d25
Event: 2.152 Thread 0x00000000028fd800 Exception <a 'java/lang/ArrayIndexOutOfBoundsException': 18> (0x00000000ed9c5f58) thrown at [D:\re\workspace\8-2-build-windows-amd64-cygwin\jdk8u20\1074\hotspot\src\share\vm\interpreter\interpreterRuntime.cpp, line 366]
Event: 2.152 Thread 0x00000000028fd800 Exception <a 'java/lang/ArrayIndexOutOfBoundsException'> (0x00000000ed9c79f0) thrown at [D:\re\workspace\8-2-build-windows-amd64-cygwin\jdk8u20\1074\hotspot\src\share\vm\runtime\sharedRuntime.cpp, line 604]
Event: 2.159 Thread 0x00000000028fd800 Exception <a 'java/lang/ArrayIndexOutOfBoundsException'> (0x00000000ed9c8c08) thrown at [D:\re\workspace\8-2-build-windows-amd64-cygwin\jdk8u20\1074\hotspot\src\share\vm\runtime\sharedRuntime.cpp, line 604]
Event: 3.221 Thread 0x00000000028fd800 Implicit null exception at 0x000000000328e155 to 0x000000000328f809

Events (10 events):
Event: 3.526 Thread 0x00000000028fd800 DEOPT UNPACKING pc=0x0000000002b475bf sp=0x00000000029fe450 mode 0
Event: 3.536 Thread 0x00000000028fd800 DEOPT PACKING pc=0x0000000002fe78e5 sp=0x00000000029fe700
Event: 3.536 Thread 0x00000000028fd800 DEOPT UNPACKING pc=0x0000000002b475bf sp=0x00000000029fe438 mode 0
Event: 3.538 Thread 0x00000000028fd800 DEOPT PACKING pc=0x0000000002f6d3f1 sp=0x00000000029fe6e0
Event: 3.538 Thread 0x00000000028fd800 DEOPT UNPACKING pc=0x0000000002b475bf sp=0x00000000029fe470 mode 0
Event: 3.542 Thread 0x00000000028fd800 Uncommon trap: trap_request=0xffffffad fr.pc=0x00000000032426e8
Event: 3.542 Thread 0x00000000028fd800 DEOPT PACKING pc=0x00000000032426e8 sp=0x00000000029fe8c0
Event: 3.542 Thread 0x00000000028fd800 DEOPT UNPACKING pc=0x0000000002b4556a sp=0x00000000029fe880 mode 2
Event: 3.556 Thread 0x00000000028fd800 DEOPT PACKING pc=0x0000000002ea3cc1 sp=0x00000000029fe620
Event: 3.556 Thread 0x00000000028fd800 DEOPT UNPACKING pc=0x0000000002b475bf sp=0x00000000029fe450 mode 0


Dynamic libraries:
0x00007ff71f3a0000 - 0x00007ff71f3d4000 	C:\PROGRA~3\Oracle\Java\javapath\java.exe
0x00007ffb88430000 - 0x00007ffb885dc000 	C:\WINDOWS\SYSTEM32\ntdll.dll
0x00007ffb88230000 - 0x00007ffb8836e000 	C:\WINDOWS\system32\KERNEL32.DLL
0x00007ffb856a0000 - 0x00007ffb857b5000 	C:\WINDOWS\system32\KERNELBASE.dll
0x00007ffb84120000 - 0x00007ffb841ae000 	C:\WINDOWS\system32\apphelp.dll
0x00007ffb734c0000 - 0x00007ffb73513000 	C:\WINDOWS\AppPatch\AppPatch64\AcGenral.DLL
0x00007ffb86800000 - 0x00007ffb868aa000 	C:\WINDOWS\system32\msvcrt.dll
0x00007ffb85420000 - 0x00007ffb8544e000 	C:\WINDOWS\SYSTEM32\SspiCli.dll
0x00007ffb85fb0000 - 0x00007ffb86004000 	C:\WINDOWS\system32\SHLWAPI.dll
0x00007ffb86470000 - 0x00007ffb865e7000 	C:\WINDOWS\system32\USER32.dll
0x00007ffb85dc0000 - 0x00007ffb85f54000 	C:\WINDOWS\system32\ole32.dll
0x00007ffb86980000 - 0x00007ffb87e98000 	C:\WINDOWS\system32\SHELL32.dll
0x00007ffb84b70000 - 0x00007ffb84b91000 	C:\WINDOWS\SYSTEM32\USERENV.dll
0x00007ffb86750000 - 0x00007ffb867fa000 	C:\WINDOWS\system32\ADVAPI32.dll
0x00007ffb7aa90000 - 0x00007ffb7aaae000 	C:\WINDOWS\SYSTEM32\MPR.dll
0x00007ffb85ba0000 - 0x00007ffb85ce1000 	C:\WINDOWS\system32\RPCRT4.dll
0x00007ffb87eb0000 - 0x00007ffb87f09000 	C:\WINDOWS\SYSTEM32\sechost.dll
0x00007ffb86250000 - 0x00007ffb86461000 	C:\WINDOWS\SYSTEM32\combase.dll
0x00007ffb87f10000 - 0x00007ffb88061000 	C:\WINDOWS\system32\GDI32.dll
0x00007ffb85580000 - 0x00007ffb85595000 	C:\WINDOWS\SYSTEM32\profapi.dll
0x00007ffb838f0000 - 0x00007ffb839a2000 	C:\WINDOWS\SYSTEM32\SHCORE.dll
0x00007ffb85f60000 - 0x00007ffb85f96000 	C:\WINDOWS\system32\IMM32.DLL
0x00007ffb865f0000 - 0x00007ffb86742000 	C:\WINDOWS\system32\MSCTF.dll
0x00007ffb81df0000 - 0x00007ffb8206b000 	C:\WINDOWS\WinSxS\amd64_microsoft.windows.common-controls_6595b64144ccf1df_6.0.9600.17415_none_6240486fecbd8abb\COMCTL32.dll
0x0000000051a10000 - 0x0000000051ae2000 	C:\Program Files\Java\jre1.8.0_20\bin\msvcr100.dll
0x00000000511b0000 - 0x0000000051a08000 	C:\Program Files\Java\jre1.8.0_20\bin\server\jvm.dll
0x00007ffb6aec0000 - 0x00007ffb6aec9000 	C:\WINDOWS\SYSTEM32\WSOCK32.dll
0x00007ffb812e0000 - 0x00007ffb81302000 	C:\WINDOWS\SYSTEM32\WINMM.dll
0x00007ffb85db0000 - 0x00007ffb85db7000 	C:\WINDOWS\system32\PSAPI.DLL
0x00007ffb86010000 - 0x00007ffb8606a000 	C:\WINDOWS\system32\WS2_32.dll
0x00007ffb81280000 - 0x00007ffb812aa000 	C:\WINDOWS\SYSTEM32\WINMMBASE.dll
0x00007ffb85fa0000 - 0x00007ffb85fa9000 	C:\WINDOWS\system32\NSI.dll
0x00007ffb85650000 - 0x00007ffb8569f000 	C:\WINDOWS\SYSTEM32\cfgmgr32.dll
0x00007ffb84370000 - 0x00007ffb84398000 	C:\WINDOWS\SYSTEM32\DEVOBJ.dll
0x0000000051b30000 - 0x0000000051b3f000 	C:\Program Files\Java\jre1.8.0_20\bin\verify.dll
0x0000000051180000 - 0x00000000511a8000 	C:\Program Files\Java\jre1.8.0_20\bin\java.dll
0x0000000051160000 - 0x0000000051176000 	C:\Program Files\Java\jre1.8.0_20\bin\zip.dll
0x00007ffb7f510000 - 0x00007ffb7f69a000 	C:\WINDOWS\SYSTEM32\dbghelp.dll

VM Arguments:
jvm_args: -Xmx1024M -Xss1m -Djava.ext.dirs=D:\Alex\Documents\Android\sdk\build-tools\21.1.2\lib 
java_command: D:\Alex\Documents\Android\sdk\build-tools\21.1.2\lib\dx.jar --dex --output D:\Alex\Dev\Git\CS307\CS307\app\build\intermediates\pre-dexed\debug\classes-015b096e28f79e936720376bac6eb600b6fb2cdc.jar D:\Alex\Dev\Git\CS307\CS307\app\build\intermediates\exploded-aar\com.android.support\support-v4\21.0.3\classes.jar
java_class_path (initial): D:\Alex\Documents\Android\sdk\build-tools\21.1.2\lib\dx.jar
Launcher Type: SUN_STANDARD

Environment Variables:
CLASSPATH=.;C:\Program Files (x86)\Java\jre7\lib\ext\QTJava.zip
PATH=C:\ProgramData\Oracle\Java\javapath;C:\WINDOWS\system32;C:\WINDOWS;C:\WINDOWS\System32\Wbem;C:\WINDOWS\System32\WindowsPowerShell\v1.0\;C:\Program Files\Common Files\Autodesk Shared\;C:\Program Files\Microsoft SQL Server\110\Tools\Binn\;C:\Program Files\TortoiseSVN\bin;C:\Program Files (x86)\QuickTime\QTSystem\;C:\Program Files (x86)\Windows Kits\8.1\Windows Performance Toolkit\;C:\Program Files (x86)\Autodesk\Backburner\;C:\Program Files\MATLAB\R2011a\runtime\win64;C:\Program Files\MATLAB\R2011a\bin;C:\Program Files (x86)\NVIDIA Corporation\PhysX\Common;C:\Program Files (x86)\Skype\Phone\
USERNAME=MrALH
OS=Windows_NT
PROCESSOR_IDENTIFIER=Intel64 Family 6 Model 60 Stepping 3, GenuineIntel



---------------  S Y S T E M  ---------------

OS: Windows 8.1 , 64 bit Build 9600 

CPU:total 8 (4 cores per cpu, 2 threads per core) family 6 model 60 stepping 3, cmov, cx8, fxsr, mmx, sse, sse2, sse3, ssse3, sse4.1, sse4.2, popcnt, avx, avx2, aes, clmul, erms, lzcnt, ht, tsc, tscinvbit, bmi1, bmi2

Memory: 4k page, physical 12497756k(2490172k free), swap 24973652k(5912k free)

vm_info: Java HotSpot(TM) 64-Bit Server VM (25.20-b23) for windows-amd64 JRE (1.8.0_20-b26), built on Jul 30 2014 13:51:23 by "java_re" with MS VC++ 10.0 (VS2010)

time: Fri May 01 01:38:53 2015
elapsed time: 3 seconds (0d 0h 0m 3s)

