#
# There is insufficient memory for the Java Runtime Environment to continue.
# Native memory allocation (malloc) failed to allocate 1753296 bytes for Chunk::new
# Possible reasons:
#   The system is out of physical RAM or swap space
#   In 32 bit mode, the process size limit was hit
# Possible solutions:
#   Reduce memory load on the system
#   Increase physical memory or swap space
#   Check if swap backing store is full
#   Use 64 bit Java on a 64 bit OS
#   Decrease Java heap size (-Xmx/-Xms)
#   Decrease number of Java threads
#   Decrease Java thread stack sizes (-Xss)
#   Set larger code cache with -XX:ReservedCodeCacheSize=
# This output file may be truncated or incomplete.
#
#  Out of Memory Error (allocation.cpp:390), pid=227688, tid=228692
#
# JRE version: Java(TM) SE Runtime Environment (8.0_20-b26) (build 1.8.0_20-b26)
# Java VM: Java HotSpot(TM) 64-Bit Server VM (25.20-b23 mixed mode windows-amd64 compressed oops)
# Failed to write core dump. Minidumps are not enabled by default on client versions of Windows
#

---------------  T H R E A D  ---------------

Current thread (0x0000000017322000):  JavaThread "C2 CompilerThread0" daemon [_thread_in_native, id=228692, stack(0x0000000017900000,0x0000000017a00000)]

Stack: [0x0000000017900000,0x0000000017a00000]
Native frames: (J=compiled Java code, j=interpreted, Vv=VM code, C=native code)
V  [jvm.dll+0x3152fa]


Current CompileTask:
C2:   3423 1883   !   4       com.android.dx.cf.code.BytecodeArray::parseInstruction (2764 bytes)


---------------  P R O C E S S  ---------------

Java Threads: ( => current thread )
  0x000000001739b800 JavaThread "Service Thread" daemon [_thread_blocked, id=226760, stack(0x0000000017d00000,0x0000000017e00000)]
  0x0000000017333800 JavaThread "C1 CompilerThread3" daemon [_thread_blocked, id=228768, stack(0x0000000017c00000,0x0000000017d00000)]
  0x000000001732b800 JavaThread "C2 CompilerThread2" daemon [_thread_in_native, id=227292, stack(0x0000000017b00000,0x0000000017c00000)]
  0x0000000017325800 JavaThread "C2 CompilerThread1" daemon [_thread_in_native, id=229252, stack(0x0000000017a00000,0x0000000017b00000)]
=>0x0000000017322000 JavaThread "C2 CompilerThread0" daemon [_thread_in_native, id=228692, stack(0x0000000017900000,0x0000000017a00000)]
  0x0000000017330000 JavaThread "Attach Listener" daemon [_thread_blocked, id=229196, stack(0x0000000017800000,0x0000000017900000)]
  0x000000001732f000 JavaThread "Signal Dispatcher" daemon [_thread_blocked, id=225744, stack(0x0000000017700000,0x0000000017800000)]
  0x000000001530c800 JavaThread "Finalizer" daemon [_thread_blocked, id=228436, stack(0x0000000017200000,0x0000000017300000)]
  0x000000001530b000 JavaThread "Reference Handler" daemon [_thread_blocked, id=90868, stack(0x0000000017100000,0x0000000017200000)]
  0x00000000026ee000 JavaThread "main" [_thread_in_Java, id=228856, stack(0x0000000002570000,0x0000000002670000)]

Other Threads:
  0x0000000015307000 VMThread [stack: 0x0000000017000000,0x0000000017100000] [id=226264]
  0x000000001739c800 WatcherThread [stack: 0x0000000017e00000,0x0000000017f00000] [id=225208]

VM state:not at safepoint (normal execution)

VM Mutex/Monitor currently owned by a thread: None

Heap:
 PSYoungGen      total 106496K, used 39342K [0x00000000eab00000, 0x00000000f7b00000, 0x0000000100000000)
  eden space 98304K, 31% used [0x00000000eab00000,0x00000000ec96f498,0x00000000f0b00000)
  from space 8192K, 99% used [0x00000000f0b00000,0x00000000f12fc4c8,0x00000000f1300000)
  to   space 8192K, 0% used [0x00000000f7300000,0x00000000f7300000,0x00000000f7b00000)
 ParOldGen       total 131072K, used 18492K [0x00000000c0000000, 0x00000000c8000000, 0x00000000eab00000)
  object space 131072K, 14% used [0x00000000c0000000,0x00000000c120f180,0x00000000c8000000)
 Metaspace       used 5682K, capacity 7088K, committed 7296K, reserved 1056768K
  class space    used 542K, capacity 616K, committed 640K, reserved 1048576K

Card table byte_map: [0x0000000011bb0000,0x0000000011dc0000] byte_map_base: 0x00000000115b0000

Marking Bits: (ParMarkBitMap*) 0x000000005198b460
 Begin Bits: [0x0000000012720000, 0x0000000013720000)
 End Bits:   [0x0000000013720000, 0x0000000014720000)

Polling page: 0x0000000000c40000

CodeCache: size=245760Kb used=8723Kb max_used=8737Kb free=237036Kb
 bounds [0x00000000027f0000, 0x0000000003090000, 0x00000000117f0000]
 total_blobs=2120 nmethods=1860 adapters=174
 compilation: enabled

Compilation events (10 events):
Event: 3.381 Thread 0x0000000017322000 nmethod 1875 0x0000000003071950 code [0x0000000003071c80, 0x0000000003074430]
Event: 3.381 Thread 0x0000000017322000 1883   !   4       com.android.dx.cf.code.BytecodeArray::parseInstruction (2764 bytes)
Event: 3.393 Thread 0x0000000017325800 nmethod 1857 0x000000000307dc90 code [0x000000000307dfa0, 0x0000000003080ab8]
Event: 3.393 Thread 0x0000000017325800 1880       4       com.android.dx.ssa.SsaMethod::makeExitBlock (134 bytes)
Event: 3.416 Thread 0x0000000017325800 nmethod 1880 0x000000000306fe10 code [0x0000000003070000, 0x0000000003070d68]
Event: 3.416 Thread 0x0000000017325800 1886       4       java.util.ArrayList::indexOf (67 bytes)
Event: 3.418 Thread 0x0000000017325800 nmethod 1886 0x000000000306cdd0 code [0x000000000306cf20, 0x000000000306d038]
Event: 3.418 Thread 0x0000000017325800 1887       4       java.util.ArrayList::contains (14 bytes)
Event: 3.420 Thread 0x0000000017325800 nmethod 1887 0x000000000306ca90 code [0x000000000306cbe0, 0x000000000306ccf8]
Event: 3.420 Thread 0x0000000017325800 1858       4       com.android.dx.dex.code.RopTranslator::getRegs (64 bytes)

GC Heap History (6 events):
Event: 1.169 GC heap before
{Heap before GC invocations=1 (full 0):
 PSYoungGen      total 57344K, used 49152K [0x00000000eab00000, 0x00000000eeb00000, 0x0000000100000000)
  eden space 49152K, 100% used [0x00000000eab00000,0x00000000edb00000,0x00000000edb00000)
  from space 8192K, 0% used [0x00000000ee300000,0x00000000ee300000,0x00000000eeb00000)
  to   space 8192K, 0% used [0x00000000edb00000,0x00000000edb00000,0x00000000ee300000)
 ParOldGen       total 131072K, used 0K [0x00000000c0000000, 0x00000000c8000000, 0x00000000eab00000)
  object space 131072K, 0% used [0x00000000c0000000,0x00000000c0000000,0x00000000c8000000)
 Metaspace       used 5553K, capacity 6960K, committed 7040K, reserved 1056768K
  class space    used 540K, capacity 616K, committed 640K, reserved 1048576K
Event: 1.207 GC heap after
Heap after GC invocations=1 (full 0):
 PSYoungGen      total 57344K, used 8177K [0x00000000eab00000, 0x00000000f1b00000, 0x0000000100000000)
  eden space 49152K, 0% used [0x00000000eab00000,0x00000000eab00000,0x00000000edb00000)
  from space 8192K, 99% used [0x00000000edb00000,0x00000000ee2fc6d0,0x00000000ee300000)
  to   space 8192K, 0% used [0x00000000f1300000,0x00000000f1300000,0x00000000f1b00000)
 ParOldGen       total 131072K, used 733K [0x00000000c0000000, 0x00000000c8000000, 0x00000000eab00000)
  object space 131072K, 0% used [0x00000000c0000000,0x00000000c00b7430,0x00000000c8000000)
 Metaspace       used 5553K, capacity 6960K, committed 7040K, reserved 1056768K
  class space    used 540K, capacity 616K, committed 640K, reserved 1048576K
}
Event: 1.842 GC heap before
{Heap before GC invocations=2 (full 0):
 PSYoungGen      total 57344K, used 57329K [0x00000000eab00000, 0x00000000f1b00000, 0x0000000100000000)
  eden space 49152K, 100% used [0x00000000eab00000,0x00000000edb00000,0x00000000edb00000)
  from space 8192K, 99% used [0x00000000edb00000,0x00000000ee2fc6d0,0x00000000ee300000)
  to   space 8192K, 0% used [0x00000000f1300000,0x00000000f1300000,0x00000000f1b00000)
 ParOldGen       total 131072K, used 733K [0x00000000c0000000, 0x00000000c8000000, 0x00000000eab00000)
  object space 131072K, 0% used [0x00000000c0000000,0x00000000c00b7430,0x00000000c8000000)
 Metaspace       used 5619K, capacity 7024K, committed 7296K, reserved 1056768K
  class space    used 541K, capacity 616K, committed 640K, reserved 1048576K
Event: 1.938 GC heap after
Heap after GC invocations=2 (full 0):
 PSYoungGen      total 106496K, used 8177K [0x00000000eab00000, 0x00000000f1b00000, 0x0000000100000000)
  eden space 98304K, 0% used [0x00000000eab00000,0x00000000eab00000,0x00000000f0b00000)
  from space 8192K, 99% used [0x00000000f1300000,0x00000000f1afc550,0x00000000f1b00000)
  to   space 8192K, 0% used [0x00000000f0b00000,0x00000000f0b00000,0x00000000f1300000)
 ParOldGen       total 131072K, used 6266K [0x00000000c0000000, 0x00000000c8000000, 0x00000000eab00000)
  object space 131072K, 4% used [0x00000000c0000000,0x00000000c061eb70,0x00000000c8000000)
 Metaspace       used 5619K, capacity 7024K, committed 7296K, reserved 1056768K
  class space    used 541K, capacity 616K, committed 640K, reserved 1048576K
}
Event: 3.017 GC heap before
{Heap before GC invocations=3 (full 0):
 PSYoungGen      total 106496K, used 106481K [0x00000000eab00000, 0x00000000f1b00000, 0x0000000100000000)
  eden space 98304K, 100% used [0x00000000eab00000,0x00000000f0b00000,0x00000000f0b00000)
  from space 8192K, 99% used [0x00000000f1300000,0x00000000f1afc550,0x00000000f1b00000)
  to   space 8192K, 0% used [0x00000000f0b00000,0x00000000f0b00000,0x00000000f1300000)
 ParOldGen       total 131072K, used 6266K [0x00000000c0000000, 0x00000000c8000000, 0x00000000eab00000)
  object space 131072K, 4% used [0x00000000c0000000,0x00000000c061eb70,0x00000000c8000000)
 Metaspace       used 5673K, capacity 7088K, committed 7296K, reserved 1056768K
  class space    used 542K, capacity 616K, committed 640K, reserved 1048576K
Event: 3.100 GC heap after
Heap after GC invocations=3 (full 0):
 PSYoungGen      total 106496K, used 8177K [0x00000000eab00000, 0x00000000f7b00000, 0x0000000100000000)
  eden space 98304K, 0% used [0x00000000eab00000,0x00000000eab00000,0x00000000f0b00000)
  from space 8192K, 99% used [0x00000000f0b00000,0x00000000f12fc4c8,0x00000000f1300000)
  to   space 8192K, 0% used [0x00000000f7300000,0x00000000f7300000,0x00000000f7b00000)
 ParOldGen       total 131072K, used 18492K [0x00000000c0000000, 0x00000000c8000000, 0x00000000eab00000)
  object space 131072K, 14% used [0x00000000c0000000,0x00000000c120f180,0x00000000c8000000)
 Metaspace       used 5673K, capacity 7088K, committed 7296K, reserved 1056768K
  class space    used 542K, capacity 616K, committed 640K, reserved 1048576K
}

Deoptimization events (10 events):
Event: 2.534 Thread 0x00000000026ee000 Uncommon trap: reason=class_check action=maybe_recompile pc=0x0000000002bf2d60 method=java.util.HashMap.putVal(ILjava/lang/Object;Ljava/lang/Object;ZZ)Ljava/lang/Object; @ 203
Event: 2.667 Thread 0x00000000026ee000 Uncommon trap: reason=class_check action=maybe_recompile pc=0x0000000002d22504 method=com.android.dx.ssa.SCCP.simulateBranch(Lcom/android/dx/ssa/SsaInsn;)V @ 145
Event: 2.667 Thread 0x00000000026ee000 Uncommon trap: reason=class_check action=maybe_recompile pc=0x0000000002d22504 method=com.android.dx.ssa.SCCP.simulateBranch(Lcom/android/dx/ssa/SsaInsn;)V @ 145
Event: 2.818 Thread 0x00000000026ee000 Uncommon trap: reason=speculate_class_check action=maybe_recompile pc=0x0000000002febf60 method=com.android.dx.rop.cst.TypedConstant.getBasicType()I @ 1
Event: 2.818 Thread 0x00000000026ee000 Uncommon trap: reason=speculate_class_check action=maybe_recompile pc=0x0000000002febf60 method=com.android.dx.rop.cst.TypedConstant.getBasicType()I @ 1
Event: 2.818 Thread 0x00000000026ee000 Uncommon trap: reason=speculate_class_check action=maybe_recompile pc=0x0000000002febf60 method=com.android.dx.rop.cst.TypedConstant.getBasicType()I @ 1
Event: 2.818 Thread 0x00000000026ee000 Uncommon trap: reason=speculate_class_check action=maybe_recompile pc=0x0000000002febf60 method=com.android.dx.rop.cst.TypedConstant.getBasicType()I @ 1
Event: 3.296 Thread 0x00000000026ee000 Uncommon trap: reason=bimorphic action=maybe_recompile pc=0x0000000002fb268c method=com.android.dx.cf.code.BytecodeArray.parseInstruction(ILcom/android/dx/cf/code/BytecodeArray$Visitor;)I @ 971
Event: 3.296 Thread 0x00000000026ee000 Uncommon trap: reason=bimorphic action=maybe_recompile pc=0x0000000002fb268c method=com.android.dx.cf.code.BytecodeArray.parseInstruction(ILcom/android/dx/cf/code/BytecodeArray$Visitor;)I @ 971
Event: 3.327 Thread 0x00000000026ee000 Uncommon trap: reason=unloaded action=reinterpret pc=0x0000000002fd9f78 method=com.android.dx.ssa.SCCP.replaceBranches()V @ 110

Internal exceptions (3 events):
Event: 0.034 Thread 0x00000000026ee000 Exception <a 'java/lang/NoSuchMethodError': Method sun.misc.Unsafe.defineClass(Ljava/lang/String;[BII)Ljava/lang/Class; name or signature does not match> (0x00000000eab0c5d0) thrown at [D:\re\workspace\8-2-build-windows-amd64-cygwin\jdk8u20\1074\hotspot\sre1bq¡?
Event: 0.034 Thread 0x00000000026ee000 Exception <a 'java/lang/NoSuchMethodError': Method sun.misc.Unsafe.prefetchRead(Ljava/lang/Object;J)V name or signature does not match> (0x00000000eab0c860) thrown at [D:\re\workspace\8-2-build-windows-amd64-cygwin\jdk8u20\1074\hotspot\src\share\vm\prims\j
3°o¥¾ð?
Event: 1.047 Thread 0x00000000026ee000 Implicit null exception at 0x0000000002afa1e2 to 0x0000000002afa2d5

Events (10 events):
Event: 3.280 Thread 0x00000000026ee000 DEOPT UNPACKING pc=0x00000000028375bf sp=0x000000000266e450 mode 0
Event: 3.296 Thread 0x00000000026ee000 Uncommon trap: trap_request=0xffffffc6 fr.pc=0x0000000002fb268c
Event: 3.296 Thread 0x00000000026ee000 DEOPT PACKING pc=0x0000000002fb268c sp=0x000000000266e4b0
Event: 3.296 Thread 0x00000000026ee000 DEOPT UNPACKING pc=0x000000000283556a sp=0x000000000266e468 mode 2
Event: 3.296 Thread 0x00000000026ee000 Uncommon trap: trap_request=0xffffffc6 fr.pc=0x0000000002fb268c
Event: 3.296 Thread 0x00000000026ee000 DEOPT PACKING pc=0x0000000002fb268c sp=0x000000000266e560
Event: 3.297 Thread 0x00000000026ee000 DEOPT UNPACKING pc=0x000000000283556a sp=0x000000000266e518 mode 2
Event: 3.327 Thread 0x00000000026ee000 Uncommon trap: trap_request=0x00000060 fr.pc=0x0000000002fd9f78
Event: 3.327 Thread 0x00000000026ee000 DEOPT PACKING pc=0x0000000002fd9f78 sp=0x000000000266e720
Event: 3.327 Thread 0x00000000026ee000 DEOPT UNPACKING pc=0x000000000283556a sp=0x000000000266e638 mode 2


Dynamic libraries:
0x00007ff7c1970000 - 0x00007ff7c19a4000 	C:\WINDOWS\system32\java.exe
0x00007ffb88430000 - 0x00007ffb885dc000 	C:\WINDOWS\SYSTEM32\ntdll.dll
0x00007ffb88230000 - 0x00007ffb8836e000 	C:\WINDOWS\system32\KERNEL32.DLL
0x00007ffb856a0000 - 0x00007ffb857b5000 	C:\WINDOWS\system32\KERNELBASE.dll
0x00007ffb84120000 - 0x00007ffb841ae000 	C:\WINDOWS\system32\apphelp.dll
0x00007ffb734c0000 - 0x00007ffb73513000 	C:\WINDOWS\AppPatch\AppPatch64\AcGenral.DLL
0x00007ffb86800000 - 0x00007ffb868aa000 	C:\WINDOWS\system32\msvcrt.dll
0x00007ffb85420000 - 0x00007ffb8544e000 	C:\WINDOWS\system32\SspiCli.dll
0x00007ffb85fb0000 - 0x00007ffb86004000 	C:\WINDOWS\system32\SHLWAPI.dll
0x00007ffb86470000 - 0x00007ffb865e7000 	C:\WINDOWS\system32\USER32.dll
0x00007ffb85dc0000 - 0x00007ffb85f54000 	C:\WINDOWS\system32\ole32.dll
0x00007ffb86980000 - 0x00007ffb87e98000 	C:\WINDOWS\system32\SHELL32.dll
0x00007ffb84b70000 - 0x00007ffb84b91000 	C:\WINDOWS\system32\USERENV.dll
0x00007ffb86750000 - 0x00007ffb867fa000 	C:\WINDOWS\system32\ADVAPI32.dll
0x00007ffb7aa90000 - 0x00007ffb7aaae000 	C:\WINDOWS\system32\MPR.dll
0x00007ffb85ba0000 - 0x00007ffb85ce1000 	C:\WINDOWS\system32\RPCRT4.dll
0x00007ffb87eb0000 - 0x00007ffb87f09000 	C:\WINDOWS\SYSTEM32\sechost.dll
0x00007ffb86250000 - 0x00007ffb86461000 	C:\WINDOWS\SYSTEM32\combase.dll
0x00007ffb87f10000 - 0x00007ffb88061000 	C:\WINDOWS\system32\GDI32.dll
0x00007ffb85580000 - 0x00007ffb85595000 	C:\WINDOWS\system32\profapi.dll
0x00007ffb838f0000 - 0x00007ffb839a2000 	C:\WINDOWS\system32\SHCORE.dll
0x00007ffb85f60000 - 0x00007ffb85f96000 	C:\WINDOWS\system32\IMM32.DLL
0x00007ffb865f0000 - 0x00007ffb86742000 	C:\WINDOWS\system32\MSCTF.dll
0x00007ffb81df0000 - 0x00007ffb8206b000 	C:\WINDOWS\WinSxS\amd64_microsoft.windows.common-controls_6595b64144ccf1df_6.0.9600.17415_none_6240486fecbd8abb\COMCTL32.dll
0x0000000051a10000 - 0x0000000051ae2000 	C:\Program Files\Java\jre1.8.0_20\bin\msvcr100.dll
0x00000000511b0000 - 0x0000000051a08000 	C:\Program Files\Java\jre1.8.0_20\bin\server\jvm.dll
0x00007ffb6aec0000 - 0x00007ffb6aec9000 	C:\WINDOWS\system32\WSOCK32.dll
0x00007ffb812e0000 - 0x00007ffb81302000 	C:\WINDOWS\system32\WINMM.dll
0x00007ffb85db0000 - 0x00007ffb85db7000 	C:\WINDOWS\system32\PSAPI.DLL
0x00007ffb86010000 - 0x00007ffb8606a000 	C:\WINDOWS\system32\WS2_32.dll
0x00007ffb81280000 - 0x00007ffb812aa000 	C:\WINDOWS\system32\WINMMBASE.dll
0x00007ffb85fa0000 - 0x00007ffb85fa9000 	C:\WINDOWS\system32\NSI.dll
0x00007ffb85650000 - 0x00007ffb8569f000 	C:\WINDOWS\SYSTEM32\cfgmgr32.dll
0x00007ffb84370000 - 0x00007ffb84398000 	C:\WINDOWS\system32\DEVOBJ.dll
0x0000000051b30000 - 0x0000000051b3f000 	C:\Program Files\Java\jre1.8.0_20\bin\verify.dll
0x0000000051180000 - 0x00000000511a8000 	C:\Program Files\Java\jre1.8.0_20\bin\java.dll
0x0000000051160000 - 0x0000000051176000 	C:\Program Files\Java\jre1.8.0_20\bin\zip.dll

VM Arguments:
jvm_args: -Xmx1024M -Xss1m -Djava.ext.dirs=D:\Alex\Documents\Android\sdk\build-tools\21.1.2\lib 
java_command: D:\Alex\Documents\Android\sdk\build-tools\21.1.2\lib\dx.jar --dex --output D:\Alex\Dev\Git\CS307\CS307\app\build\intermediates\pre-dexed\debug\kryonet-2.21-all-979bb0d6943ab22c68addf7d77a8e3c064314ca6.jar D:\Alex\Dev\Git\CS307\CS307\app\libs\kryonet-2.21-all.jar
java_class_path (initial): D:\Alex\Documents\Android\sdk\build-tools\21.1.2\lib\dx.jar
Launcher Type: SUN_STANDARD

Environment Variables:
CLASSPATH=.;C:\Program Files (x86)\Java\jre7\lib\ext\QTJava.zip
PATH=C:\ProgramData\Oracle\Java\javapath;C:\WINDOWS\system32;C:\WINDOWS;C:\WINDOWS\System32\Wbem;C:\WINDOWS\System32\WindowsPowerShell\v1.0\;C:\Program Files\Common Files\Autodesk Shared\;C:\Program Files\Microsoft SQL Server\110\Tools\Binn\;C:\Program Files\TortoiseSVN\bin;C:\Program Files (x86)\QuickTime\QTSystem\;C:\Program Files (x86)\Windows Kits\8.1\Windows Performance Toolkit\;C:\Program Files (x86)\Autodesk\Backburner\;C:\Program Files\MATLAB\R2011a\runtime\win64;C:\Program Files\MATLAB\R2011a\bin;C:\Program Files (x86)\NVIDIA Corporation\PhysX\Common;C:\Program Files (x86)\Skype\Phone\
USERNAME=MrALH
OS=Windows_NT
PROCESSOR_IDENTIFIER=Intel64 Family 6 Model 60 Stepping 3, GenuineIntel



---------------  S Y S T E M  ---------------

OS: Windows 8.1 , 64 bit Build 9600 

CPU:total 8 (4 cores per cpu, 2 threads per core) family 6 model 60 stepping 3, cmov, cx8, fxsr, mmx, sse, sse2, sse3, ssse3, sse4.1, sse4.2, popcnt, avx, avx2, aes, clmul, erms, lzcnt, ht, tsc, tscinvbit, bmi1, bmi2

Memory: 4k page, physical 12497756k(2485736k free), swap 24973652k(5156k free)

vm_info: Java HotSpot(TM) 64-Bit Server VM (25.20-b23) for windows-amd64 JRE (1.8.0_20-b26), built on Jul 30 2014 13:51:23 by "java_re" with MS VC++ 10.0 (VS2010)

time: Fri May 01 01:38:53 2015
elapsed time: 3 seconds (0d 0h 0m 3s)

